<?xml version="1.0" encoding="UTF-8"?>
<testsuite xmlns:xsi="http://www.w3.org/2001/XMLSchema-instance" xsi:noNamespaceSchemaLocation="https://maven.apache.org/surefire/maven-surefire-plugin/xsd/surefire-test-report-3.0.xsd" version="3.0" name="com.example.sdlc_test.SdlcTestApplicationTests" time="1.877" tests="2" errors="0" skipped="0" failures="0">
  <properties>
[...]
</properties>
  <testcase name="contextLoads" classname="com.example.sdlc_test.SdlcTestApplicationTests" time="0.517">
    <system-out><![CDATA[06:07:14.630 [main] INFO org.springframework.test.context.support.AnnotationConfigContextLoaderUtils -- Could not detect default configuration classes for test class [com.example.sdlc_test.SdlcTestApplicationTests]: SdlcTestApplicationTests does not declare any static, non-private, non-final, nested classes annotated with @Configuration.
06:07:14.685 [main] INFO org.springframework.boot.test.context.SpringBootTestContextBootstrapper -- Found @SpringBootConfiguration com.example.sdlc_test.SdlcTestApplication for test class com.example.sdlc_test.SdlcTestApplicationTests

  .   ____          _            __ _ _
 /\\ / ___'_ __ _ _(_)_ __  __ _ \ \ \ \
( ( )\___ | '_ | '_| | '_ \/ _` | \ \ \ \
 \\/  ___)| |_)| | | | | || (_| |  ) ) ) )
  '  |____| .__|_| |_|_| |_\__, | / / / /
 =========|_|==============|___/=/_/_/_/

 :: Spring Boot ::                (v3.3.4)

2024-09-28T06:07:14.974Z  INFO 102 --- [sdlc-test] [           main] c.e.sdlc_test.SdlcTestApplicationTests   : Starting SdlcTestApplicationTests using Java 21.0.4 with PID 102 (started by root in /usr/src/app)
2024-09-28T06:07:14.976Z  INFO 102 --- [sdlc-test] [           main] c.e.sdlc_test.SdlcTestApplicationTests   : No active profile set, falling back to 1 default profile: "default"
2024-09-28T06:07:15.831Z  INFO 102 --- [sdlc-test] [           main] c.e.sdlc_test.SdlcTestApplicationTests   : Started SdlcTestApplicationTests in 1.05 seconds (process running for 1.683)
 test one
]]></system-out>
    <system-err><![CDATA[WARNING: A Java agent has been loaded dynamically (/root/.m2/repository/net/bytebuddy/byte-buddy-agent/1.14.19/byte-buddy-agent-1.14.19.jar)
WARNING: If a serviceability tool is in use, please run with -XX:+EnableDynamicAgentLoading to hide this warning
WARNING: If a serviceability tool is not in use, please run with -Djdk.instrument.traceUsage for more information
WARNING: Dynamic loading of agents will be disallowed by default in a future release
]]></system-err>
  </testcase>
  <testcase name="runTest" classname="com.example.sdlc_test.SdlcTestApplicationTests" time="0.003">
    <system-out><![CDATA[ test 2
]]></system-out>
  </testcase>
</testsuite>